<?xml version="1.0" encoding="UTF-8"?>
<testng-results ignored="0" total="1" passed="1" failed="0" skipped="0">
  <reporter-output>
  </reporter-output>
  <suite started-at="2025-05-17T14:18:00 IST" name="Default suite" finished-at="2025-05-17T14:18:02 IST" duration-ms="1892">
    <groups>
    </groups>
    <test started-at="2025-05-17T14:18:00 IST" name="Default test" finished-at="2025-05-17T14:18:02 IST" duration-ms="1892">
      <class name="APITest.APISchimaValidation">
        <test-method signature="SchemaValidation()[pri:0, instance:APITest.APISchimaValidation@78e4deb0]" started-at="2025-05-17T14:18:00 IST" name="SchemaValidation" finished-at="2025-05-17T14:18:02 IST" duration-ms="1857" status="PASS">
          <reporter-output>
          </reporter-output>
        </test-method> <!-- SchemaValidation -->
      </class> <!-- APITest.APISchimaValidation -->
    </test> <!-- Default test -->
  </suite> <!-- Default suite -->
</testng-results>
