<?xml version="1.0" encoding="UTF-8"?>
<!-- Generated by org.testng.reporters.JUnitXMLReporter -->
<testsuite ignored="0" hostname="MSI" failures="0" tests="2" name="ParallelTests1" time="0.009" errors="0" timestamp="2025-05-17T12:12:41 IST">
  <testcase classname="LoginTest.LoginE2ETest" name="LoginTest" time="0.0">
    <skipped/>
  </testcase> <!-- LoginTest -->
  <testcase classname="LoginTest.LoginE2ETest" name="LoginTest" time="0.0">
    <skipped/>
  </testcase> <!-- LoginTest -->
</testsuite> <!-- ParallelTests1 -->
